2024-08-31T20:32:25.454Z|info : amplify version core  
2024-08-31T20:33:10.111Z|info : amplify version core  {"version":true,"yes":false}
2024-08-31T20:34:00.263Z|info : amplify configure core  
2024-08-31T20:34:00.310Z|info : @aws-amplify/amplify-cli-core.banner-message/index.ts.fetch banner messages from https://aws-amplify.github.io/amplify-cli/banner-message.json({}
2024-08-31T20:50:04.701Z|info : amplify-provider-awscloudformation.system-config-manager.setProfile.writeCredentialsFilePath(["C:\\Users\\vince\\.aws\\credentials"])
2024-08-31T21:09:31.299Z|info : amplify init core  
2024-08-31T21:09:31.348Z|info : @aws-amplify/amplify-cli-core.banner-message/index.ts.fetch banner messages from https://aws-amplify.github.io/amplify-cli/banner-message.json({}
2024-08-31T21:13:45.596Z|info : amplify-provider-awscloudformation.system-config-manager.getProfileConfig(["vincentsitu"])
2024-08-31T21:13:45.597Z|info : amplify-provider-awscloudformation.system-config-manager.getProfiledAwsConfig.profileConfig([{"region":"us-east-1"}])
2024-08-31T21:13:45.598Z|info : amplify-provider-awscloudformation.system-config-manager.getProfileCredentials(["vincentsitu"])
2024-08-31T21:13:45.603Z|info : amplify-provider-awscloudformation.amplify-service-permission-check.checkAmplifyServiceIAMPermission.amplifyClient.listApps([])
2024-08-31T21:13:45.781Z|error : amplify-provider-awscloudformation.amplify-service-permission-check.checkAmplifyServiceIAMPermission.amplifyClient.listApps([])
UnrecognizedClientException: The security token included in the request is invalid.
2024-08-31T21:13:45.782Z|info : amplify-provider-awscloudformation.amplify-service-manager.init.amplifyClient.createApp([{"name":"[***]Task","environmentVariables":{"_LIVE_PACKAGE_UPDATES":"[{\"pkg\":\"@aws-amplify/cli\",\"type\":\"npm\",\"version\":\"latest\"}]"}}])
2024-08-31T21:13:45.912Z|error : The security token included in the request is invalid.
ProjectInitFault: The security token included in the request is invalid.
2024-08-31T21:16:01.045Z|info : amplify init core  
2024-08-31T21:16:01.092Z|info : @aws-amplify/amplify-cli-core.banner-message/index.ts.fetch banner messages from https://aws-amplify.github.io/amplify-cli/banner-message.json({}
2024-08-31T21:17:41.192Z|info : amplify-provider-awscloudformation.system-config-manager.getProfileConfig(["vincentsitu"])
2024-08-31T21:17:41.194Z|info : amplify-provider-awscloudformation.system-config-manager.getProfiledAwsConfig.profileConfig([{"region":"us-east-1"}])
2024-08-31T21:17:41.194Z|info : amplify-provider-awscloudformation.system-config-manager.getProfileCredentials(["vincentsitu"])
2024-08-31T21:17:41.201Z|info : amplify-provider-awscloudformation.amplify-service-permission-check.checkAmplifyServiceIAMPermission.amplifyClient.listApps([])
2024-08-31T21:17:41.394Z|error : amplify-provider-awscloudformation.amplify-service-permission-check.checkAmplifyServiceIAMPermission.amplifyClient.listApps([])
UnrecognizedClientException: The security token included in the request is invalid.
2024-08-31T21:17:41.395Z|info : amplify-provider-awscloudformation.amplify-service-manager.init.amplifyClient.createApp([{"name":"[***]23","environmentVariables":{"_LIVE_PACKAGE_UPDATES":"[{\"pkg\":\"@aws-amplify/cli\",\"type\":\"npm\",\"version\":\"latest\"}]"}}])
2024-08-31T21:17:41.575Z|error : The security token included in the request is invalid.
ProjectInitFault: The security token included in the request is invalid.
2024-08-31T21:19:15.713Z|info : amplify init core  
2024-08-31T21:19:15.757Z|info : @aws-amplify/amplify-cli-core.banner-message/index.ts.fetch banner messages from https://aws-amplify.github.io/amplify-cli/banner-message.json({}
2024-08-31T21:21:36.863Z|info : amplify-provider-awscloudformation.system-config-manager.getProfileConfig(["vincentsitu"])
2024-08-31T21:21:36.864Z|info : amplify-provider-awscloudformation.system-config-manager.getProfiledAwsConfig.profileConfig([{"region":"us-east-1"}])
2024-08-31T21:21:36.864Z|info : amplify-provider-awscloudformation.system-config-manager.getProfileCredentials(["vincentsitu"])
2024-08-31T21:21:36.870Z|info : amplify-provider-awscloudformation.amplify-service-permission-check.checkAmplifyServiceIAMPermission.amplifyClient.listApps([])
2024-08-31T21:21:36.982Z|error : amplify-provider-awscloudformation.amplify-service-permission-check.checkAmplifyServiceIAMPermission.amplifyClient.listApps([])
UnrecognizedClientException: The security token included in the request is invalid.
2024-08-31T21:21:36.983Z|info : amplify-provider-awscloudformation.amplify-service-manager.init.amplifyClient.createApp([{"name":"[***]Task","environmentVariables":{"_LIVE_PACKAGE_UPDATES":"[{\"pkg\":\"@aws-amplify/cli\",\"type\":\"npm\",\"version\":\"latest\"}]"}}])
2024-08-31T21:21:37.124Z|error : The security token included in the request is invalid.
ProjectInitFault: The security token included in the request is invalid.
2024-08-31T21:25:39.555Z|info : amplify configure core  
2024-08-31T21:25:39.603Z|info : @aws-amplify/amplify-cli-core.banner-message/index.ts.fetch banner messages from https://aws-amplify.github.io/amplify-cli/banner-message.json({}
2024-08-31T21:30:09.632Z|info : amplify-provider-awscloudformation.system-config-manager.setProfile.credentialsFilePathExists(["C:\\Users\\vince\\.aws\\credentials"])
2024-08-31T21:30:09.633Z|info : amplify-provider-awscloudformation.system-config-manager.makeFileOwnerReadWrite(["C:\\Users\\vince\\.aws\\credentials"])
2024-08-31T21:30:09.634Z|info : amplify-provider-awscloudformation.system-config-manager.setProfile.configFilePathExists(["C:\\Users\\vince\\.aws\\config"])
2024-08-31T21:30:09.634Z|info : amplify-provider-awscloudformation.system-config-manager.makeFileOwnerReadWrite(["C:\\Users\\vince\\.aws\\config"])
2024-08-31T21:30:09.635Z|info : amplify-provider-awscloudformation.system-config-manager.setProfile.writeCredentialsFilePath(["C:\\Users\\vince\\.aws\\credentials"])
2024-08-31T21:30:27.059Z|info : amplify init core  
2024-08-31T21:30:27.105Z|info : @aws-amplify/amplify-cli-core.banner-message/index.ts.fetch banner messages from https://aws-amplify.github.io/amplify-cli/banner-message.json({}
2024-08-31T21:35:18.908Z|info : amplify init core  
2024-08-31T21:35:18.956Z|info : @aws-amplify/amplify-cli-core.banner-message/index.ts.fetch banner messages from https://aws-amplify.github.io/amplify-cli/banner-message.json({}
2024-08-31T21:36:15.562Z|info : amplify-provider-awscloudformation.system-config-manager.getProfileConfig(["vincentsitu123"])
2024-08-31T21:36:15.563Z|info : amplify-provider-awscloudformation.system-config-manager.getProfiledAwsConfig.profileConfig([{"region":"us-east-1"}])
2024-08-31T21:36:15.563Z|info : amplify-provider-awscloudformation.system-config-manager.getProfileCredentials(["vincentsitu123"])
2024-08-31T21:36:15.569Z|info : amplify-provider-awscloudformation.amplify-service-permission-check.checkAmplifyServiceIAMPermission.amplifyClient.listApps([])
2024-08-31T21:36:15.713Z|info : amplify-provider-awscloudformation.amplify-service-manager.init.amplifyClient.createApp([{"name":"[***]Task","environmentVariables":{"_LIVE_PACKAGE_UPDATES":"[{\"pkg\":\"@aws-amplify/cli\",\"type\":\"npm\",\"version\":\"latest\"}]"}}])
2024-08-31T21:36:16.194Z|info : amplify-provider-awscloudformation.amplify-service-manager.init.amplifyClient.getBackendEnvironment([{"appId":"[***]eskw05","environmentName":"[***]ev"}])
2024-08-31T21:36:16.370Z|error : amplify-provider-awscloudformation.amplify-service-manager.init.amplifyClient.getBackendEnvironment([{"appId":"[***]eskw05","environmentName":"[***]ev"}])
NotFoundException: BackendEnvironment dev does not exist.
2024-08-31T21:36:16.371Z|info : amplify-provider-awscloudformation.amplify-service-manager.init.amplifyClient.getBackendEnvironment([{"appId":"[***]eskw05","environmentName":"[***]ev","stackName":"[***]ify-[***]task-[***]ev-[***]ef","deploymentArtifacts":"amplify-resiatask-dev-492ef-deployment"}])
2024-08-31T21:36:16.492Z|info : amplify-provider-awscloudformation.aws-cfn.cfnModel.createStack([{"StackName":"[***]ify-[***]task-[***]ev-[***]ef","Capabilities":["CAPABILITY_NAMED_IAM","CAPABILITY_AUTO_EXPAND"],"TemplateBody":"{\n  \"AWSTemplateFormatVersion\": \"2010-09-09\",\n  \"Description\": \"{\\\"createdOn\\\":\\\"Windows\\\",\\\"createdBy\\\":\\\"Amplify\\\",\\\"createdWith\\\":\\\"12.12.6\\\",\\\"stackType\\\":\\\"root\\\",\\\"metadata\\\":{}}\",\n  \"Parameters\": {\n    \"[***]cketName\": {\n      \"Description\": \"Name of the common deployment bucket provided by the parent stack\",\n      \"Type\": \"String\",\n      \"Default\": \"DeploymentBucket\"\n    },\n    \"[***]eName\": {\n      \"Type\": \"String\",\n      \"Default\": \"AuthRoleName\"\n    },\n    \"[***]leName\": {\n      \"Type\": \"String\",\n      \"Default\": \"UnauthRoleName\"\n    }\n  },\n  \"Resources\": {\n    \"DeploymentBucket\": {\n      \"Type\": \"AWS::S3::Bucket\",\n      \"DeletionPolicy\": \"Retain\",\n      \"Properties\": {\n        \"BucketName\": {\n          \"Ref\": \"DeploymentBucketName\"\n        },\n        \"BucketEncryption\": {\n          \"ServerSideEncryptionConfiguration\": [\n            {\n              \"ServerSideEncryptionByDefault\": {\n                \"SSEAlgorithm\": \"AES256\"\n              }\n            }\n          ]\n        }\n      }\n    },\n    \"DeploymentBucketBlockHTTP\": {\n      \"Type\": \"AWS::S3::BucketPolicy\",\n      \"Properties\": {\n        \"Bucket\": {\n          \"Ref\": \"DeploymentBucketName\"\n        },\n        \"PolicyDocument\": {\n          \"Statement\": [\n            {\n              \"Action\": \"s3:*\",\n              \"Effect\": \"Deny\",\n              \"Principal\": \"*\",\n              \"Resource\": [\n                {\n                  \"Fn::Join\": [\n                    \"\",\n                    [\n                      \"arn:aws:s3:::\",\n                      {\n                        \"Ref\": \"DeploymentBucketName\"\n                      },\n                      \"/*\"\n                    ]\n                  ]\n                },\n                {\n                  \"Fn::Join\": [\n                    \"\",\n                    [\n                      \"arn:aws:s3:::\",\n                      {\n                        \"Ref\": \"DeploymentBucketName\"\n                      }\n                    ]\n                  ]\n                }\n              ],\n              \"Condition\": {\n                \"Bool\": {\n                  \"aws:SecureTransport\": false\n                }\n              }\n            }\n          ]\n        }\n      }\n    },\n    \"AuthRole\": {\n      \"Type\": \"AWS::IAM::Role\",\n      \"Properties\": {\n        \"RoleName\": {\n          \"Ref\": \"AuthRoleName\"\n        },\n        \"AssumeRolePolicyDocument\": {\n          \"Version\": \"2012-10-17\",\n          \"Statement\": [\n            {\n              \"Sid\": \"\",\n              \"Effect\": \"Deny\",\n              \"Principal\": {\n                \"Federated\": \"cognito-identity.amazonaws.com\"\n              },\n              \"Action\": \"sts:AssumeRoleWithWebIdentity\"\n            }\n          ]\n        }\n      }\n    },\n    \"UnauthRole\": {\n      \"Type\": \"AWS::IAM::Role\",\n      \"Properties\": {\n        \"RoleName\": {\n          \"Ref\": \"UnauthRoleName\"\n        },\n        \"AssumeRolePolicyDocument\": {\n          \"Version\": \"2012-10-17\",\n          \"Statement\": [\n            {\n              \"Sid\": \"\",\n              \"Effect\": \"Deny\",\n              \"Principal\": {\n                \"Federated\": \"cognito-identity.amazonaws.com\"\n              },\n              \"Action\": \"sts:AssumeRoleWithWebIdentity\"\n            }\n          ]\n        }\n      }\n    }\n  },\n  \"Outputs\": {\n    \"Region\": {\n      \"Description\": \"CloudFormation provider root stack Region\",\n      \"Value\": {\n        \"Ref\": \"AWS::Region\"\n      },\n      \"Export\": {\n        \"Name\": {\n          \"Fn::Sub\": \"${AWS::StackName}-Region\"\n        }\n      }\n    },\n    \"StackName\": {\n      \"Description\": \"CloudFormation provider root stack ID\",\n      \"Value\": {\n        \"Ref\": \"AWS::StackName\"\n      },\n      \"Export\": {\n        \"Name\": {\n          \"Fn::Sub\": \"${AWS::StackName}-StackName\"\n        }\n      }\n    },\n    \"StackId\": {\n      \"Description\": \"CloudFormation provider root stack name\",\n      \"Value\": {\n        \"Ref\": \"AWS::StackId\"\n      },\n      \"Export\": {\n        \"Name\": {\n          \"Fn::Sub\": \"${AWS::StackName}-StackId\"\n        }\n      }\n    },\n    \"DeploymentBucketName\": {\n      \"Description\": \"CloudFormation provider root stack deployment bucket name\",\n      \"Value\": {\n        \"Ref\": \"DeploymentBucketName\"\n      },\n      \"Export\": {\n        \"Name\": {\n          \"Fn::Sub\": \"${AWS::StackName}-DeploymentBucketName\"\n        }\n      }\n    },\n    \"AuthRoleArn\": {\n      \"Value\": {\n        \"Fn::GetAtt\": [\n          \"AuthRole\",\n          \"Arn\"\n        ]\n      }\n    },\n    \"UnauthRoleArn\": {\n      \"Value\": {\n        \"Fn::GetAtt\": [\n          \"UnauthRole\",\n          \"Arn\"\n        ]\n      }\n    },\n    \"AuthRoleName\": {\n      \"Value\": {\n        \"Ref\": \"AuthRole\"\n      }\n    },\n    \"UnauthRoleName\": {\n      \"Value\": {\n        \"Ref\": \"UnauthRole\"\n      }\n    }\n  }\n}","Parameters":[{"ParameterKey":"DeploymentBucketName","ParameterValue":"amplify-resiatask-dev-492ef-deployment"},{"ParameterKey":"AuthRoleName","ParameterValue":"amplify-resiatask-dev-492ef-authRole"},{"ParameterKey":"UnauthRoleName","ParameterValue":"amplify-resiatask-dev-492ef-unauthRole"}],"Tags":[{"Key":"[***]tack","Value":"dev"},{"Key":"[***]ication","Value":"ResiaTask"}]}])
2024-08-31T21:36:16.872Z|info : amplify-provider-awscloudformation.aws-cfn.cfnModel.createStack([{"StackName":"[***]ify-[***]task-[***]ev-[***]ef","Capabilities":["CAPABILITY_NAMED_IAM","CAPABILITY_AUTO_EXPAND"],"TemplateBody":"{\n  \"AWSTemplateFormatVersion\": \"2010-09-09\",\n  \"Description\": \"{\\\"createdOn\\\":\\\"Windows\\\",\\\"createdBy\\\":\\\"Amplify\\\",\\\"createdWith\\\":\\\"12.12.6\\\",\\\"stackType\\\":\\\"root\\\",\\\"metadata\\\":{}}\",\n  \"Parameters\": {\n    \"[***]cketName\": {\n      \"Description\": \"Name of the common deployment bucket provided by the parent stack\",\n      \"Type\": \"String\",\n      \"Default\": \"DeploymentBucket\"\n    },\n    \"[***]eName\": {\n      \"Type\": \"String\",\n      \"Default\": \"AuthRoleName\"\n    },\n    \"[***]leName\": {\n      \"Type\": \"String\",\n      \"Default\": \"UnauthRoleName\"\n    }\n  },\n  \"Resources\": {\n    \"DeploymentBucket\": {\n      \"Type\": \"AWS::S3::Bucket\",\n      \"DeletionPolicy\": \"Retain\",\n      \"Properties\": {\n        \"BucketName\": {\n          \"Ref\": \"DeploymentBucketName\"\n        },\n        \"BucketEncryption\": {\n          \"ServerSideEncryptionConfiguration\": [\n            {\n              \"ServerSideEncryptionByDefault\": {\n                \"SSEAlgorithm\": \"AES256\"\n              }\n            }\n          ]\n        }\n      }\n    },\n    \"DeploymentBucketBlockHTTP\": {\n      \"Type\": \"AWS::S3::BucketPolicy\",\n      \"Properties\": {\n        \"Bucket\": {\n          \"Ref\": \"DeploymentBucketName\"\n        },\n        \"PolicyDocument\": {\n          \"Statement\": [\n            {\n              \"Action\": \"s3:*\",\n              \"Effect\": \"Deny\",\n              \"Principal\": \"*\",\n              \"Resource\": [\n                {\n                  \"Fn::Join\": [\n                    \"\",\n                    [\n                      \"arn:aws:s3:::\",\n                      {\n                        \"Ref\": \"DeploymentBucketName\"\n                      },\n                      \"/*\"\n                    ]\n                  ]\n                },\n                {\n                  \"Fn::Join\": [\n                    \"\",\n                    [\n                      \"arn:aws:s3:::\",\n                      {\n                        \"Ref\": \"DeploymentBucketName\"\n                      }\n                    ]\n                  ]\n                }\n              ],\n              \"Condition\": {\n                \"Bool\": {\n                  \"aws:SecureTransport\": false\n                }\n              }\n            }\n          ]\n        }\n      }\n    },\n    \"AuthRole\": {\n      \"Type\": \"AWS::IAM::Role\",\n      \"Properties\": {\n        \"RoleName\": {\n          \"Ref\": \"AuthRoleName\"\n        },\n        \"AssumeRolePolicyDocument\": {\n          \"Version\": \"2012-10-17\",\n          \"Statement\": [\n            {\n              \"Sid\": \"\",\n              \"Effect\": \"Deny\",\n              \"Principal\": {\n                \"Federated\": \"cognito-identity.amazonaws.com\"\n              },\n              \"Action\": \"sts:AssumeRoleWithWebIdentity\"\n            }\n          ]\n        }\n      }\n    },\n    \"UnauthRole\": {\n      \"Type\": \"AWS::IAM::Role\",\n      \"Properties\": {\n        \"RoleName\": {\n          \"Ref\": \"UnauthRoleName\"\n        },\n        \"AssumeRolePolicyDocument\": {\n          \"Version\": \"2012-10-17\",\n          \"Statement\": [\n            {\n              \"Sid\": \"\",\n              \"Effect\": \"Deny\",\n              \"Principal\": {\n                \"Federated\": \"cognito-identity.amazonaws.com\"\n              },\n              \"Action\": \"sts:AssumeRoleWithWebIdentity\"\n            }\n          ]\n        }\n      }\n    }\n  },\n  \"Outputs\": {\n    \"Region\": {\n      \"Description\": \"CloudFormation provider root stack Region\",\n      \"Value\": {\n        \"Ref\": \"AWS::Region\"\n      },\n      \"Export\": {\n        \"Name\": {\n          \"Fn::Sub\": \"${AWS::StackName}-Region\"\n        }\n      }\n    },\n    \"StackName\": {\n      \"Description\": \"CloudFormation provider root stack ID\",\n      \"Value\": {\n        \"Ref\": \"AWS::StackName\"\n      },\n      \"Export\": {\n        \"Name\": {\n          \"Fn::Sub\": \"${AWS::StackName}-StackName\"\n        }\n      }\n    },\n    \"StackId\": {\n      \"Description\": \"CloudFormation provider root stack name\",\n      \"Value\": {\n        \"Ref\": \"AWS::StackId\"\n      },\n      \"Export\": {\n        \"Name\": {\n          \"Fn::Sub\": \"${AWS::StackName}-StackId\"\n        }\n      }\n    },\n    \"DeploymentBucketName\": {\n      \"Description\": \"CloudFormation provider root stack deployment bucket name\",\n      \"Value\": {\n        \"Ref\": \"DeploymentBucketName\"\n      },\n      \"Export\": {\n        \"Name\": {\n          \"Fn::Sub\": \"${AWS::StackName}-DeploymentBucketName\"\n        }\n      }\n    },\n    \"AuthRoleArn\": {\n      \"Value\": {\n        \"Fn::GetAtt\": [\n          \"AuthRole\",\n          \"Arn\"\n        ]\n      }\n    },\n    \"UnauthRoleArn\": {\n      \"Value\": {\n        \"Fn::GetAtt\": [\n          \"UnauthRole\",\n          \"Arn\"\n        ]\n      }\n    },\n    \"AuthRoleName\": {\n      \"Value\": {\n        \"Ref\": \"AuthRole\"\n      }\n    },\n    \"UnauthRoleName\": {\n      \"Value\": {\n        \"Ref\": \"UnauthRole\"\n      }\n    }\n  }\n}","Parameters":[{"ParameterKey":"DeploymentBucketName","ParameterValue":"amplify-resiatask-dev-492ef-deployment"},{"ParameterKey":"AuthRoleName","ParameterValue":"amplify-resiatask-dev-492ef-authRole"},{"ParameterKey":"UnauthRoleName","ParameterValue":"amplify-resiatask-dev-492ef-unauthRole"}],"Tags":[{"Key":"[***]tack","Value":"dev"},{"Key":"[***]ication","Value":"ResiaTask"}]}])
2024-08-31T21:36:21.914Z|info : amplify-provider-awscloudformation.aws-cfn.getStackEvents.cfnModel.describeStackEvents([{"StackName":"[***]ify-[***]task-[***]ev-[***]ef"}])
2024-08-31T21:36:22.181Z|info : amplify-provider-awscloudformation.aws-cfn.getStackEvents.cfnModel.describeStackEvents([{"StackName":"[***]rmation:us-[***]st-[***]81:stack/[***]ify-[***]task-[***]ev-[***]ef/[***]c1d0-[***]e1-[***]ef-[***]1c-[***]abcbb"}])
2024-08-31T21:36:26.944Z|info : amplify-provider-awscloudformation.aws-cfn.getStackEvents.cfnModel.describeStackEvents([{"StackName":"[***]ify-[***]task-[***]ev-[***]ef"}])
2024-08-31T21:36:27.192Z|info : amplify-provider-awscloudformation.aws-cfn.getStackEvents.cfnModel.describeStackEvents([{"StackName":"[***]rmation:us-[***]st-[***]81:stack/[***]ify-[***]task-[***]ev-[***]ef/[***]c1d0-[***]e1-[***]ef-[***]1c-[***]abcbb"}])
2024-08-31T21:36:36.951Z|info : amplify-provider-awscloudformation.aws-cfn.getStackEvents.cfnModel.describeStackEvents([{"StackName":"[***]ify-[***]task-[***]ev-[***]ef"}])
2024-08-31T21:36:37.215Z|info : amplify-provider-awscloudformation.aws-cfn.getStackEvents.cfnModel.describeStackEvents([{"StackName":"[***]rmation:us-[***]st-[***]81:stack/[***]ify-[***]task-[***]ev-[***]ef/[***]c1d0-[***]e1-[***]ef-[***]1c-[***]abcbb"}])
2024-08-31T21:43:14.602Z|info : amplify-provider-awscloudformation.system-config-manager.getProfileConfig(["vincentsitu123"])
2024-08-31T21:43:14.603Z|info : amplify-provider-awscloudformation.system-config-manager.getProfiledAwsConfig.profileConfig([{"region":"us-east-1"}])
2024-08-31T21:43:14.604Z|info : amplify-provider-awscloudformation.system-config-manager.getProfileCredentials(["vincentsitu123"])
2024-08-31T21:43:14.613Z|info : amplify-provider-awscloudformation.upload-current-cloud-backend.storeCurrentCloudBackend.s3.uploadFile([{"Key":"[***]rent-[***]ud-[***]d.zip"}])
2024-08-31T21:43:14.619Z|info : amplify-provider-awscloudformation.aws-s3.uploadFile.s3.upload([{"Body":{"fd":null,"path":"C:\\Users\\vince\\amplify\\backend\\.temp\\[***]rent-[***]ud-[***]d.zip","flags":"r","mode":438,"end":null,"bytesRead":0,"_readableState":{"objectMode":false,"highWaterMark":65536,"buffer":{"head":null,"tail":null,"length":0},"length":0,"pipes":[],"flowing":null,"ended":false,"endEmitted":false,"reading":false,"constructed":false,"sync":true,"needReadable":false,"emittedReadable":false,"readableListening":false,"resumeScheduled":false,"errorEmitted":false,"emitClose":true,"autoDestroy":true,"destroyed":false,"errored":null,"closed":false,"closeEmitted":false,"defaultEncoding":"utf8","awaitDrainWriters":null,"multiAwaitDrain":false,"readingMore":false,"dataEmitted":false,"decoder":null,"encoding":null},"_events":{},"_eventsCount":1},"Key":"#current-cloud-backend.zip","Bucket":"[***]ify-[***]task-[***]ev-[***]ef-[***]ment"}])
2024-08-31T21:43:14.891Z|info : amplify-provider-awscloudformation.aws-s3.deleteDirectory.s3.getAllObjectVersions([{"BucketName":"[***]ify-[***]task-[***]ev-[***]ef-[***]ment"}])
2024-08-31T21:43:14.891Z|info : amplify-provider-awscloudformation.aws-s3.getAllObjectKey.s3.listObjectVersions([{"Bucket":"[***]ify-[***]task-[***]ev-[***]ef-[***]ment","Prefix":"studio-backend"}])
2024-08-31T21:43:15.079Z|info : amplify-provider-awscloudformation.aws-s3.uploadFile.s3.upload([{"Body":{"fd":null,"path":"C:\\Users\\vince\\amplify\\cli.json","flags":"r","mode":438,"end":null,"bytesRead":0,"_readableState":{"objectMode":false,"highWaterMark":65536,"buffer":{"head":null,"tail":null,"length":0},"length":0,"pipes":[],"flowing":null,"ended":false,"endEmitted":false,"reading":false,"constructed":false,"sync":true,"needReadable":false,"emittedReadable":false,"readableListening":false,"resumeScheduled":false,"errorEmitted":false,"emitClose":true,"autoDestroy":true,"destroyed":false,"errored":null,"closed":false,"closeEmitted":false,"defaultEncoding":"utf8","awaitDrainWriters":null,"multiAwaitDrain":false,"readingMore":false,"dataEmitted":false,"decoder":null,"encoding":null},"_events":{},"_eventsCount":1},"Key":"studio-backend\\cli.json","Bucket":"[***]ify-[***]task-[***]ev-[***]ef-[***]ment"}])
2024-08-31T21:43:15.080Z|info : amplify-provider-awscloudformation.aws-s3.uploadFile.s3.upload([{"Body":{"fd":null,"path":"C:\\Users\\vince\\amplify\\#current-cloud-backend\\amplify-meta.json","flags":"r","mode":438,"end":null,"bytesRead":0,"_readableState":{"objectMode":false,"highWaterMark":65536,"buffer":{"head":null,"tail":null,"length":0},"length":0,"pipes":[],"flowing":null,"ended":false,"endEmitted":false,"reading":false,"constructed":false,"sync":true,"needReadable":false,"emittedReadable":false,"readableListening":false,"resumeScheduled":false,"errorEmitted":false,"emitClose":true,"autoDestroy":true,"destroyed":false,"errored":null,"closed":false,"closeEmitted":false,"defaultEncoding":"utf8","awaitDrainWriters":null,"multiAwaitDrain":false,"readingMore":false,"dataEmitted":false,"decoder":null,"encoding":null},"_events":{},"_eventsCount":1},"Key":"studio-backend\\amplify-meta.json","Bucket":"[***]ify-[***]task-[***]ev-[***]ef-[***]ment"}])
2024-08-31T21:43:15.257Z|info : amplify-provider-awscloudformation.initializer.uploadFile.s3.uploadFile([{"Key":"[***]ify-[***]json"}])
2024-08-31T21:43:15.257Z|info : amplify-provider-awscloudformation.aws-s3.uploadFile.s3.upload([{"Body":{"fd":null,"path":"C:\\Users\\vince\\amplify\\#current-cloud-backend\\[***]ify-[***]json","flags":"r","mode":438,"end":null,"bytesRead":0,"_readableState":{"objectMode":false,"highWaterMark":65536,"buffer":{"head":null,"tail":null,"length":0},"length":0,"pipes":[],"flowing":null,"ended":false,"endEmitted":false,"reading":false,"constructed":false,"sync":true,"needReadable":false,"emittedReadable":false,"readableListening":false,"resumeScheduled":false,"errorEmitted":false,"emitClose":true,"autoDestroy":true,"destroyed":false,"errored":null,"closed":false,"closeEmitted":false,"defaultEncoding":"utf8","awaitDrainWriters":null,"multiAwaitDrain":false,"readingMore":false,"dataEmitted":false,"decoder":null,"encoding":null},"_events":{},"_eventsCount":1},"Key":"amplify-meta.json","Bucket":"[***]ify-[***]task-[***]ev-[***]ef-[***]ment"}])
2024-08-31T21:43:15.460Z|info : amplify-provider-awscloudformation.system-config-manager.getProfileConfig(["vincentsitu123"])
2024-08-31T21:43:15.461Z|info : amplify-provider-awscloudformation.system-config-manager.getProfiledAwsConfig.profileConfig([{"region":"us-east-1"}])
2024-08-31T21:43:15.461Z|info : amplify-provider-awscloudformation.system-config-manager.getProfileCredentials(["vincentsitu123"])
2024-08-31T22:11:40.083Z|info : amplify help core  
2024-08-31T22:12:09.291Z|info : amplify init core  
2024-08-31T22:12:09.351Z|info : @aws-amplify/amplify-cli-core.banner-message/index.ts.fetch banner messages from https://aws-amplify.github.io/amplify-cli/banner-message.json({}
2024-08-31T22:12:10.350Z|error : Creating a nested amplify project is not supported
NestedProjectInitError: Creating a nested amplify project is not supported
2024-08-31T22:12:25.629Z|info : amplify init core  
2024-08-31T22:12:25.689Z|info : @aws-amplify/amplify-cli-core.banner-message/index.ts.fetch banner messages from https://aws-amplify.github.io/amplify-cli/banner-message.json({}
2024-08-31T22:12:26.646Z|error : Creating a nested amplify project is not supported
NestedProjectInitError: Creating a nested amplify project is not supported
2024-08-31T22:12:53.484Z|info : amplify init core  
2024-08-31T22:12:53.540Z|info : @aws-amplify/amplify-cli-core.banner-message/index.ts.fetch banner messages from https://aws-amplify.github.io/amplify-cli/banner-message.json({}
2024-08-31T22:12:54.645Z|error : Creating a nested amplify project is not supported
NestedProjectInitError: Creating a nested amplify project is not supported
2024-08-31T22:26:44.551Z|info : amplify init core  
2024-08-31T22:26:44.609Z|info : @aws-amplify/amplify-cli-core.banner-message/index.ts.fetch banner messages from https://aws-amplify.github.io/amplify-cli/banner-message.json({}
2024-08-31T22:26:45.671Z|error : Creating a nested amplify project is not supported
NestedProjectInitError: Creating a nested amplify project is not supported
2024-08-31T22:27:18.150Z|info : amplify init core  
2024-08-31T22:27:18.209Z|info : @aws-amplify/amplify-cli-core.banner-message/index.ts.fetch banner messages from https://aws-amplify.github.io/amplify-cli/banner-message.json({}
2024-08-31T22:27:19.206Z|error : Creating a nested amplify project is not supported
NestedProjectInitError: Creating a nested amplify project is not supported
